<?xml version="1.0" encoding="UTF-8"?>
<!-- Generated by org.testng.reporters.JUnitReportReporter -->
<testsuite hostname="LAPTOP-2VUVNRGK" failures="0" tests="1" name="com.TestRunnerCamp.qa.DemoCampRunner" time="33.707" errors="0" timestamp="2022-12-23T20:34:56 CET" skipped="0">
  <testcase classname="com.TestRunnerCamp.qa.DemoCampRunner" name="feature" time="33.707"/>
  <system-out/>
</testsuite> <!-- com.TestRunnerCamp.qa.DemoCampRunner -->
