<?xml version="1.0" encoding="UTF-8"?>
<!-- Generated by org.testng.reporters.JUnitReportReporter -->
<testsuite hostname="LAPTOP-2VUVNRGK" failures="0" tests="1" name="com.TestRunnerCamp.qa.DemoCampRunner" time="28.254" errors="0" timestamp="2023-04-08T12:56:09 CEST" skipped="0">
  <testcase classname="com.TestRunnerCamp.qa.DemoCampRunner" name="feature" time="28.254"/>
  <system-out/>
</testsuite> <!-- com.TestRunnerCamp.qa.DemoCampRunner -->
